Build started 6/20/2016 9:24:22 PM.
     1>Project "C:\Users\Michael\Documents\Visual Studio 2010\Projects\Pong\Pong\Pong.vcxproj" on node 2 (build target(s)).
     1>InitializeBuildStatus:
         Creating "Debug\Pong.unsuccessfulbuild" because "AlwaysCreate" was specified.
       ClCompile:
         C:\Program Files (x86)\Microsoft Visual Studio 10.0\VC\bin\CL.exe /c /ZI /nologo /W3 /WX- /Od /Oy- /D WIN32 /D _DEBUG /D _CONSOLE /D _UNICODE /D UNICODE /Gm /EHsc /RTC1 /MDd /GS /fp:precise /Zc:wchar_t /Zc:forScope /Fo"Debug\\" /Fd"Debug\vc100.pdb" /Gd /TP /analyze- /errorReport:prompt Pong.cpp menu.cpp
         menu.cpp
     1>c:\users\michael\documents\visual studio 2010\projects\pong\pong\menu.cpp(10): warning C4244: 'argument' : conversion from 'unsigned int' to 'float', possible loss of data
     1>c:\users\michael\documents\visual studio 2010\projects\pong\pong\menu.cpp(10): warning C4244: 'argument' : conversion from 'unsigned int' to 'float', possible loss of data
     1>c:\users\michael\documents\visual studio 2010\projects\pong\pong\menu.cpp(14): warning C4244: 'argument' : conversion from 'unsigned int' to 'float', possible loss of data
     1>c:\users\michael\documents\visual studio 2010\projects\pong\pong\menu.cpp(14): warning C4244: 'argument' : conversion from 'unsigned int' to 'float', possible loss of data
     1>c:\users\michael\documents\visual studio 2010\projects\pong\pong\menu.cpp(18): warning C4244: 'argument' : conversion from 'unsigned int' to 'float', possible loss of data
     1>c:\users\michael\documents\visual studio 2010\projects\pong\pong\menu.cpp(18): warning C4244: 'argument' : conversion from 'unsigned int' to 'float', possible loss of data
     1>c:\users\michael\documents\visual studio 2010\projects\pong\pong\menu.cpp(24): warning C4482: nonstandard extension used: enum 'sf::Keyboard::Key' used in qualified name
     1>c:\users\michael\documents\visual studio 2010\projects\pong\pong\menu.cpp(27): warning C4482: nonstandard extension used: enum 'sf::Keyboard::Key' used in qualified name
     1>c:\users\michael\documents\visual studio 2010\projects\pong\pong\menu.cpp(35): warning C4482: nonstandard extension used: enum 'sf::Keyboard::Key' used in qualified name
     1>c:\users\michael\documents\visual studio 2010\projects\pong\pong\menu.cpp(36): warning C4482: nonstandard extension used: enum 'sf::Keyboard::Key' used in qualified name
         Generating Code...
         Skipping... (no relevant changes detected)
         Pong.cpp
       ManifestResourceCompile:
         All outputs are up-to-date.
       Link:
         C:\Program Files (x86)\Microsoft Visual Studio 10.0\VC\bin\link.exe /ERRORREPORT:PROMPT /OUT:"C:\Users\Michael\Documents\Visual Studio 2010\Projects\Pong\Debug\Pong.exe" /INCREMENTAL /NOLOGO "sfml-audio-d.lib" "sfml-graphics-d.lib" "sfml-main-d.lib" "sfml-system-d.lib" "sfml-window-d.lib" kernel32.lib user32.lib gdi32.lib winspool.lib comdlg32.lib advapi32.lib shell32.lib ole32.lib oleaut32.lib uuid.lib odbc32.lib odbccp32.lib /MANIFEST /ManifestFile:"Debug\Pong.exe.intermediate.manifest" /MANIFESTUAC:"level='asInvoker' uiAccess='false'" /DEBUG /PDB:"C:\Users\Michael\Documents\Visual Studio 2010\Projects\Pong\Debug\Pong.pdb" /SUBSYSTEM:CONSOLE /TLBID:1 /DYNAMICBASE /NXCOMPAT /IMPLIB:"C:\Users\Michael\Documents\Visual Studio 2010\Projects\Pong\Debug\Pong.lib" /MACHINE:X86 Debug\Pong.exe.embed.manifest.res
         Debug\Pong.obj
         Debug\stdafx.obj
         Debug\menu.obj
       Manifest:
         C:\Program Files (x86)\Microsoft SDKs\Windows\v7.0A\bin\mt.exe /nologo /verbose /out:"Debug\Pong.exe.embed.manifest" /manifest Debug\Pong.exe.intermediate.manifest
         All outputs are up-to-date.
       LinkEmbedManifest:
         All outputs are up-to-date.
         Pong.vcxproj -> C:\Users\Michael\Documents\Visual Studio 2010\Projects\Pong\Debug\Pong.exe
       FinalizeBuildStatus:
         Deleting file "Debug\Pong.unsuccessfulbuild".
         Touching "Debug\Pong.lastbuildstate".
     1>Done Building Project "C:\Users\Michael\Documents\Visual Studio 2010\Projects\Pong\Pong\Pong.vcxproj" (build target(s)).

Build succeeded.

Time Elapsed 00:00:01.15
